{
  "stats": {
    "suites": 1,
    "tests": 1,
    "passes": 1,
    "pending": 0,
    "failures": 0,
    "start": "2026-06-26T16:52:24.597Z",
    "end": "2026-06-26T16:52:26.009Z",
    "duration": 1412,
    "testsRegistered": 1,
    "passPercent": 100,
    "pendingPercent": 0,
    "other": 0,
    "hasOther": false,
    "skipped": 0,
    "hasSkipped": false
  },
  "results": [
    {
      "uuid": "9560cdda-02c7-4994-ae23-9afd862daa87",
      "title": "",
      "fullFile": "cypress\\e2e\\search.cy.js",
      "file": "cypress\\e2e\\search.cy.js",
      "beforeHooks": [],
      "afterHooks": [],
      "tests": [],
      "suites": [
        {
          "uuid": "f5891f83-8348-47e9-83b4-d35a877573f0",
          "title": "Search functionality",
          "fullFile": "",
          "file": "",
          "beforeHooks": [],
          "afterHooks": [],
          "tests": [
            {
              "title": "User searches for an exact product",
              "fullTitle": "Search functionality User searches for an exact product",
              "timedOut": null,
              "duration": 1342,
              "state": "passed",
              "speed": "fast",
              "pass": true,
              "fail": false,
              "pending": false,
              "context": null,
              "code": "_MainPage.default.searchProduct(\"Combination Pliers\");\n_MainPage.default.searchResults().should(\"have.length.greaterThan\", 0).first().should(\"contain\", \"Combination Pliers\");",
              "err": {},
              "uuid": "75a7c816-3965-4f9c-87d4-3689e3ee6f53",
              "parentUUID": "f5891f83-8348-47e9-83b4-d35a877573f0",
              "isHook": false,
              "skipped": false
            }
          ],
          "suites": [],
          "passes": [
            "75a7c816-3965-4f9c-87d4-3689e3ee6f53"
          ],
          "failures": [],
          "pending": [],
          "skipped": [],
          "duration": 1342,
          "root": false,
          "rootEmpty": false,
          "_timeout": 2000
        }
      ],
      "passes": [],
      "failures": [],
      "pending": [],
      "skipped": [],
      "duration": 0,
      "root": true,
      "rootEmpty": true,
      "_timeout": 2000
    }
  ],
  "meta": {
    "mocha": {
      "version": "7.2.0"
    },
    "mochawesome": {
      "options": {
        "quiet": false,
        "reportFilename": "mochawesome",
        "saveHtml": true,
        "saveJson": true,
        "consoleReporter": "spec",
        "useInlineDiffs": false,
        "code": true
      },
      "version": "7.1.4"
    },
    "marge": {
      "options": {
        "reportDir": "cypress/reports",
        "overwrite": false,
        "html": true,
        "json": true
      },
      "version": "6.3.2"
    }
  }
}