{
  "stats": {
    "suites": 1,
    "tests": 2,
    "passes": 2,
    "pending": 0,
    "failures": 0,
    "start": "2026-06-26T16:51:57.404Z",
    "end": "2026-06-26T16:52:15.984Z",
    "duration": 18580,
    "testsRegistered": 2,
    "passPercent": 100,
    "pendingPercent": 0,
    "other": 0,
    "hasOther": false,
    "skipped": 0,
    "hasSkipped": false
  },
  "results": [
    {
      "uuid": "15106964-294d-45f7-aa6d-d1614fa9f948",
      "title": "",
      "fullFile": "cypress\\e2e\\login.cy.js",
      "file": "cypress\\e2e\\login.cy.js",
      "beforeHooks": [],
      "afterHooks": [],
      "tests": [],
      "suites": [
        {
          "uuid": "dc761bee-3587-4e45-9dd0-d3780bf5979b",
          "title": "Login functionality",
          "fullFile": "",
          "file": "",
          "beforeHooks": [],
          "afterHooks": [],
          "tests": [
            {
              "title": "Successful login",
              "fullTitle": "Login functionality Successful login",
              "timedOut": null,
              "duration": 14824,
              "state": "passed",
              "speed": "slow",
              "pass": true,
              "fail": false,
              "pending": false,
              "context": null,
              "code": "_LoginPage.default.login(Cypress.env(\"USER_EMAIL\"), Cypress.env(\"USER_PASSWORD\"));\ncy.url().should(\"include\", \"/account\");",
              "err": {},
              "uuid": "bb87ae1e-92e3-4eaf-8a23-f8fdb3852d93",
              "parentUUID": "dc761bee-3587-4e45-9dd0-d3780bf5979b",
              "isHook": false,
              "skipped": false
            },
            {
              "title": "Unsuccessful login",
              "fullTitle": "Login functionality Unsuccessful login",
              "timedOut": null,
              "duration": 3675,
              "state": "passed",
              "speed": "fast",
              "pass": true,
              "fail": false,
              "pending": false,
              "context": null,
              "code": "_LoginPage.default.login(\"wrong@test.com\", \"wrongPassword\");\n_LoginPage.default.errorMessage().should(\"be.visible\");",
              "err": {},
              "uuid": "be6f44bc-a765-421f-8a78-5e9545c78bfb",
              "parentUUID": "dc761bee-3587-4e45-9dd0-d3780bf5979b",
              "isHook": false,
              "skipped": false
            }
          ],
          "suites": [],
          "passes": [
            "bb87ae1e-92e3-4eaf-8a23-f8fdb3852d93",
            "be6f44bc-a765-421f-8a78-5e9545c78bfb"
          ],
          "failures": [],
          "pending": [],
          "skipped": [],
          "duration": 18499,
          "root": false,
          "rootEmpty": false,
          "_timeout": 2000
        }
      ],
      "passes": [],
      "failures": [],
      "pending": [],
      "skipped": [],
      "duration": 0,
      "root": true,
      "rootEmpty": true,
      "_timeout": 2000
    }
  ],
  "meta": {
    "mocha": {
      "version": "7.2.0"
    },
    "mochawesome": {
      "options": {
        "quiet": false,
        "reportFilename": "mochawesome",
        "saveHtml": true,
        "saveJson": true,
        "consoleReporter": "spec",
        "useInlineDiffs": false,
        "code": true
      },
      "version": "7.1.4"
    },
    "marge": {
      "options": {
        "reportDir": "cypress/reports",
        "overwrite": false,
        "html": true,
        "json": true
      },
      "version": "6.3.2"
    }
  }
}