{
  "stats": {
    "suites": 1,
    "tests": 1,
    "passes": 1,
    "pending": 0,
    "failures": 0,
    "start": "2026-06-26T16:51:51.402Z",
    "end": "2026-06-26T16:51:54.256Z",
    "duration": 2854,
    "testsRegistered": 1,
    "passPercent": 100,
    "pendingPercent": 0,
    "other": 0,
    "hasOther": false,
    "skipped": 0,
    "hasSkipped": false
  },
  "results": [
    {
      "uuid": "d5742f7c-ae60-4dff-82b8-f58892b44cb0",
      "title": "",
      "fullFile": "cypress\\e2e\\cart.cy.js",
      "file": "cypress\\e2e\\cart.cy.js",
      "beforeHooks": [],
      "afterHooks": [],
      "tests": [],
      "suites": [
        {
          "uuid": "7af4efb4-9b42-4b0f-8b36-a7364363be81",
          "title": "Cart functionality",
          "fullFile": "",
          "file": "",
          "beforeHooks": [],
          "afterHooks": [],
          "tests": [
            {
              "title": "User adds a product to the shopping cart",
              "fullTitle": "Cart functionality User adds a product to the shopping cart",
              "timedOut": null,
              "duration": 2797,
              "state": "passed",
              "speed": "fast",
              "pass": true,
              "fail": false,
              "pending": false,
              "context": null,
              "code": "_MainPage.default.openFirstProduct();\n_ProductPage.default.addToCartButton().should(\"be.visible\");\n_ProductPage.default.addToCart();\n_ProductPage.default.cartMessage().should(\"be.visible\");",
              "err": {},
              "uuid": "9e86e101-4e1b-4d2c-9efa-d456803ec1ae",
              "parentUUID": "7af4efb4-9b42-4b0f-8b36-a7364363be81",
              "isHook": false,
              "skipped": false
            }
          ],
          "suites": [],
          "passes": [
            "9e86e101-4e1b-4d2c-9efa-d456803ec1ae"
          ],
          "failures": [],
          "pending": [],
          "skipped": [],
          "duration": 2797,
          "root": false,
          "rootEmpty": false,
          "_timeout": 2000
        }
      ],
      "passes": [],
      "failures": [],
      "pending": [],
      "skipped": [],
      "duration": 0,
      "root": true,
      "rootEmpty": true,
      "_timeout": 2000
    }
  ],
  "meta": {
    "mocha": {
      "version": "7.2.0"
    },
    "mochawesome": {
      "options": {
        "quiet": false,
        "reportFilename": "mochawesome",
        "saveHtml": true,
        "saveJson": true,
        "consoleReporter": "spec",
        "useInlineDiffs": false,
        "code": true
      },
      "version": "7.1.4"
    },
    "marge": {
      "options": {
        "reportDir": "cypress/reports",
        "overwrite": false,
        "html": true,
        "json": true
      },
      "version": "6.3.2"
    }
  }
}